c:\users\jeffrey\documents\github\rpgbattlesimulator\rpgbattlesimulator\rpgbattlesimulator\debug\vc142.pdb
c:\users\jeffrey\documents\github\rpgbattlesimulator\rpgbattlesimulator\rpgbattlesimulator\debug\vc142.idb
c:\users\jeffrey\documents\github\rpgbattlesimulator\rpgbattlesimulator\rpgbattlesimulator\debug\itemmenustate.obj
c:\users\jeffrey\documents\github\rpgbattlesimulator\rpgbattlesimulator\rpgbattlesimulator\debug\item.obj
c:\users\jeffrey\documents\github\rpgbattlesimulator\rpgbattlesimulator\rpgbattlesimulator\debug\initbattlemenustate.obj
c:\users\jeffrey\documents\github\rpgbattlesimulator\rpgbattlesimulator\rpgbattlesimulator\debug\initbattle.obj
c:\users\jeffrey\documents\github\rpgbattlesimulator\rpgbattlesimulator\rpgbattlesimulator\debug\healingspell.obj
c:\users\jeffrey\documents\github\rpgbattlesimulator\rpgbattlesimulator\rpgbattlesimulator\debug\equippeditem.obj
c:\users\jeffrey\documents\github\rpgbattlesimulator\rpgbattlesimulator\rpgbattlesimulator\debug\debuffspell.obj
c:\users\jeffrey\documents\github\rpgbattlesimulator\rpgbattlesimulator\rpgbattlesimulator\debug\debufffactory.obj
c:\users\jeffrey\documents\github\rpgbattlesimulator\rpgbattlesimulator\rpgbattlesimulator\debug\debuffdata.obj
c:\users\jeffrey\documents\github\rpgbattlesimulator\rpgbattlesimulator\rpgbattlesimulator\debug\debuffconsumableitem.obj
c:\users\jeffrey\documents\github\rpgbattlesimulator\rpgbattlesimulator\rpgbattlesimulator\debug\damagespell.obj
c:\users\jeffrey\documents\github\rpgbattlesimulator\rpgbattlesimulator\rpgbattlesimulator\debug\consumableitemfactory.obj
c:\users\jeffrey\documents\github\rpgbattlesimulator\rpgbattlesimulator\rpgbattlesimulator\debug\consumableitem.obj
c:\users\jeffrey\documents\github\rpgbattlesimulator\rpgbattlesimulator\rpgbattlesimulator\debug\characterselectmenustate.obj
c:\users\jeffrey\documents\github\rpgbattlesimulator\rpgbattlesimulator\rpgbattlesimulator\debug\character.obj
c:\users\jeffrey\documents\github\rpgbattlesimulator\rpgbattlesimulator\rpgbattlesimulator\debug\buffspell.obj
c:\users\jeffrey\documents\github\rpgbattlesimulator\rpgbattlesimulator\rpgbattlesimulator\debug\bufffactory.obj
c:\users\jeffrey\documents\github\rpgbattlesimulator\rpgbattlesimulator\rpgbattlesimulator\debug\buffdebuffhandler.obj
c:\users\jeffrey\documents\github\rpgbattlesimulator\rpgbattlesimulator\rpgbattlesimulator\debug\buffdata.obj
c:\users\jeffrey\documents\github\rpgbattlesimulator\rpgbattlesimulator\rpgbattlesimulator\debug\buffconsumableitem.obj
c:\users\jeffrey\documents\github\rpgbattlesimulator\rpgbattlesimulator\rpgbattlesimulator\debug\spellhandler.obj
c:\users\jeffrey\documents\github\rpgbattlesimulator\rpgbattlesimulator\rpgbattlesimulator\debug\spell.obj
c:\users\jeffrey\documents\github\rpgbattlesimulator\rpgbattlesimulator\rpgbattlesimulator\debug\rpgbattlesimulator.obj
c:\users\jeffrey\documents\github\rpgbattlesimulator\rpgbattlesimulator\rpgbattlesimulator\debug\playercharacter.obj
c:\users\jeffrey\documents\github\rpgbattlesimulator\rpgbattlesimulator\rpgbattlesimulator\debug\nonbuffdebuffconsumableitem.obj
c:\users\jeffrey\documents\github\rpgbattlesimulator\rpgbattlesimulator\rpgbattlesimulator\debug\modifierspell.obj
c:\users\jeffrey\documents\github\rpgbattlesimulator\rpgbattlesimulator\rpgbattlesimulator\debug\mainmenustate.obj
c:\users\jeffrey\documents\github\rpgbattlesimulator\rpgbattlesimulator\debug\rpgbattlesimulator.exe
c:\users\jeffrey\documents\github\rpgbattlesimulator\rpgbattlesimulator\rpgbattlesimulator\debug\rpgbattlesimulator.ilk
c:\users\jeffrey\documents\github\rpgbattlesimulator\rpgbattlesimulator\debug\rpgbattlesimulator.pdb
c:\users\jeffrey\documents\github\rpgbattlesimulator\rpgbattlesimulator\rpgbattlesimulator\debug\rpgbattl.f9f90630.tlog\cl.command.1.tlog
c:\users\jeffrey\documents\github\rpgbattlesimulator\rpgbattlesimulator\rpgbattlesimulator\debug\rpgbattl.f9f90630.tlog\cl.read.1.tlog
c:\users\jeffrey\documents\github\rpgbattlesimulator\rpgbattlesimulator\rpgbattlesimulator\debug\rpgbattl.f9f90630.tlog\cl.write.1.tlog
c:\users\jeffrey\documents\github\rpgbattlesimulator\rpgbattlesimulator\rpgbattlesimulator\debug\rpgbattl.f9f90630.tlog\link.command.1.tlog
c:\users\jeffrey\documents\github\rpgbattlesimulator\rpgbattlesimulator\rpgbattlesimulator\debug\rpgbattl.f9f90630.tlog\link.read.1.tlog
c:\users\jeffrey\documents\github\rpgbattlesimulator\rpgbattlesimulator\rpgbattlesimulator\debug\rpgbattl.f9f90630.tlog\link.write.1.tlog
